# ******************************************************
# PLUTO 4.4-patch2 Grid File
# Generated on  Thu Jun 20 15:55:40 2024
# 
# DIMENSIONS: 3
# GEOMETRY:   SPHERICAL
# X1: [ 0.136181,  1.100326], 251 point(s), 3 ghosts
# X2: [ 0.000000,  3.141600], 181 point(s), 3 ghosts
# X3: [ 0.000000,  6.283200], 184 point(s), 3 ghosts
# ******************************************************
251 
 1   1.361808000000e-01    1.400220159363e-01
 2   1.400220159363e-01    1.438632318725e-01
 3   1.438632318725e-01    1.477044478088e-01
 4   1.477044478088e-01    1.515456637450e-01
 5   1.515456637450e-01    1.553868796813e-01
 6   1.553868796813e-01    1.592280956175e-01
 7   1.592280956175e-01    1.630693115538e-01
 8   1.630693115538e-01    1.669105274900e-01
 9   1.669105274900e-01    1.707517434263e-01
 10   1.707517434263e-01    1.745929593625e-01
 11   1.745929593625e-01    1.784341752988e-01
 12   1.784341752988e-01    1.822753912351e-01
 13   1.822753912351e-01    1.861166071713e-01
 14   1.861166071713e-01    1.899578231076e-01
 15   1.899578231076e-01    1.937990390438e-01
 16   1.937990390438e-01    1.976402549801e-01
 17   1.976402549801e-01    2.014814709163e-01
 18   2.014814709163e-01    2.053226868526e-01
 19   2.053226868526e-01    2.091639027888e-01
 20   2.091639027888e-01    2.130051187251e-01
 21   2.130051187251e-01    2.168463346614e-01
 22   2.168463346614e-01    2.206875505976e-01
 23   2.206875505976e-01    2.245287665339e-01
 24   2.245287665339e-01    2.283699824701e-01
 25   2.283699824701e-01    2.322111984064e-01
 26   2.322111984064e-01    2.360524143426e-01
 27   2.360524143426e-01    2.398936302789e-01
 28   2.398936302789e-01    2.437348462151e-01
 29   2.437348462151e-01    2.475760621514e-01
 30   2.475760621514e-01    2.514172780876e-01
 31   2.514172780876e-01    2.552584940239e-01
 32   2.552584940239e-01    2.590997099602e-01
 33   2.590997099602e-01    2.629409258964e-01
 34   2.629409258964e-01    2.667821418327e-01
 35   2.667821418327e-01    2.706233577689e-01
 36   2.706233577689e-01    2.744645737052e-01
 37   2.744645737052e-01    2.783057896414e-01
 38   2.783057896414e-01    2.821470055777e-01
 39   2.821470055777e-01    2.859882215139e-01
 40   2.859882215139e-01    2.898294374502e-01
 41   2.898294374502e-01    2.936706533865e-01
 42   2.936706533865e-01    2.975118693227e-01
 43   2.975118693227e-01    3.013530852590e-01
 44   3.013530852590e-01    3.051943011952e-01
 45   3.051943011952e-01    3.090355171315e-01
 46   3.090355171315e-01    3.128767330677e-01
 47   3.128767330677e-01    3.167179490040e-01
 48   3.167179490040e-01    3.205591649402e-01
 49   3.205591649402e-01    3.244003808765e-01
 50   3.244003808765e-01    3.282415968127e-01
 51   3.282415968127e-01    3.320828127490e-01
 52   3.320828127490e-01    3.359240286853e-01
 53   3.359240286853e-01    3.397652446215e-01
 54   3.397652446215e-01    3.436064605578e-01
 55   3.436064605578e-01    3.474476764940e-01
 56   3.474476764940e-01    3.512888924303e-01
 57   3.512888924303e-01    3.551301083665e-01
 58   3.551301083665e-01    3.589713243028e-01
 59   3.589713243028e-01    3.628125402390e-01
 60   3.628125402390e-01    3.666537561753e-01
 61   3.666537561753e-01    3.704949721116e-01
 62   3.704949721116e-01    3.743361880478e-01
 63   3.743361880478e-01    3.781774039841e-01
 64   3.781774039841e-01    3.820186199203e-01
 65   3.820186199203e-01    3.858598358566e-01
 66   3.858598358566e-01    3.897010517928e-01
 67   3.897010517928e-01    3.935422677291e-01
 68   3.935422677291e-01    3.973834836653e-01
 69   3.973834836653e-01    4.012246996016e-01
 70   4.012246996016e-01    4.050659155378e-01
 71   4.050659155378e-01    4.089071314741e-01
 72   4.089071314741e-01    4.127483474104e-01
 73   4.127483474104e-01    4.165895633466e-01
 74   4.165895633466e-01    4.204307792829e-01
 75   4.204307792829e-01    4.242719952191e-01
 76   4.242719952191e-01    4.281132111554e-01
 77   4.281132111554e-01    4.319544270916e-01
 78   4.319544270916e-01    4.357956430279e-01
 79   4.357956430279e-01    4.396368589641e-01
 80   4.396368589641e-01    4.434780749004e-01
 81   4.434780749004e-01    4.473192908367e-01
 82   4.473192908367e-01    4.511605067729e-01
 83   4.511605067729e-01    4.550017227092e-01
 84   4.550017227092e-01    4.588429386454e-01
 85   4.588429386454e-01    4.626841545817e-01
 86   4.626841545817e-01    4.665253705179e-01
 87   4.665253705179e-01    4.703665864542e-01
 88   4.703665864542e-01    4.742078023904e-01
 89   4.742078023904e-01    4.780490183267e-01
 90   4.780490183267e-01    4.818902342629e-01
 91   4.818902342629e-01    4.857314501992e-01
 92   4.857314501992e-01    4.895726661355e-01
 93   4.895726661355e-01    4.934138820717e-01
 94   4.934138820717e-01    4.972550980080e-01
 95   4.972550980080e-01    5.010963139442e-01
 96   5.010963139442e-01    5.049375298805e-01
 97   5.049375298805e-01    5.087787458167e-01
 98   5.087787458167e-01    5.126199617530e-01
 99   5.126199617530e-01    5.164611776892e-01
 100   5.164611776892e-01    5.203023936255e-01
 101   5.203023936255e-01    5.241436095618e-01
 102   5.241436095618e-01    5.279848254980e-01
 103   5.279848254980e-01    5.318260414343e-01
 104   5.318260414343e-01    5.356672573705e-01
 105   5.356672573705e-01    5.395084733068e-01
 106   5.395084733068e-01    5.433496892430e-01
 107   5.433496892430e-01    5.471909051793e-01
 108   5.471909051793e-01    5.510321211155e-01
 109   5.510321211155e-01    5.548733370518e-01
 110   5.548733370518e-01    5.587145529880e-01
 111   5.587145529880e-01    5.625557689243e-01
 112   5.625557689243e-01    5.663969848606e-01
 113   5.663969848606e-01    5.702382007968e-01
 114   5.702382007968e-01    5.740794167331e-01
 115   5.740794167331e-01    5.779206326693e-01
 116   5.779206326693e-01    5.817618486056e-01
 117   5.817618486056e-01    5.856030645418e-01
 118   5.856030645418e-01    5.894442804781e-01
 119   5.894442804781e-01    5.932854964143e-01
 120   5.932854964143e-01    5.971267123506e-01
 121   5.971267123506e-01    6.009679282869e-01
 122   6.009679282869e-01    6.048091442231e-01
 123   6.048091442231e-01    6.086503601594e-01
 124   6.086503601594e-01    6.124915760956e-01
 125   6.124915760956e-01    6.163327920319e-01
 126   6.163327920319e-01    6.201740079681e-01
 127   6.201740079681e-01    6.240152239044e-01
 128   6.240152239044e-01    6.278564398406e-01
 129   6.278564398406e-01    6.316976557769e-01
 130   6.316976557769e-01    6.355388717131e-01
 131   6.355388717131e-01    6.393800876494e-01
 132   6.393800876494e-01    6.432213035857e-01
 133   6.432213035857e-01    6.470625195219e-01
 134   6.470625195219e-01    6.509037354582e-01
 135   6.509037354582e-01    6.547449513944e-01
 136   6.547449513944e-01    6.585861673307e-01
 137   6.585861673307e-01    6.624273832669e-01
 138   6.624273832669e-01    6.662685992032e-01
 139   6.662685992032e-01    6.701098151394e-01
 140   6.701098151394e-01    6.739510310757e-01
 141   6.739510310757e-01    6.777922470120e-01
 142   6.777922470120e-01    6.816334629482e-01
 143   6.816334629482e-01    6.854746788845e-01
 144   6.854746788845e-01    6.893158948207e-01
 145   6.893158948207e-01    6.931571107570e-01
 146   6.931571107570e-01    6.969983266932e-01
 147   6.969983266932e-01    7.008395426295e-01
 148   7.008395426295e-01    7.046807585657e-01
 149   7.046807585657e-01    7.085219745020e-01
 150   7.085219745020e-01    7.123631904382e-01
 151   7.123631904382e-01    7.162044063745e-01
 152   7.162044063745e-01    7.200456223108e-01
 153   7.200456223108e-01    7.238868382470e-01
 154   7.238868382470e-01    7.277280541833e-01
 155   7.277280541833e-01    7.315692701195e-01
 156   7.315692701195e-01    7.354104860558e-01
 157   7.354104860558e-01    7.392517019920e-01
 158   7.392517019920e-01    7.430929179283e-01
 159   7.430929179283e-01    7.469341338645e-01
 160   7.469341338645e-01    7.507753498008e-01
 161   7.507753498008e-01    7.546165657371e-01
 162   7.546165657371e-01    7.584577816733e-01
 163   7.584577816733e-01    7.622989976096e-01
 164   7.622989976096e-01    7.661402135458e-01
 165   7.661402135458e-01    7.699814294821e-01
 166   7.699814294821e-01    7.738226454183e-01
 167   7.738226454183e-01    7.776638613546e-01
 168   7.776638613546e-01    7.815050772908e-01
 169   7.815050772908e-01    7.853462932271e-01
 170   7.853462932271e-01    7.891875091633e-01
 171   7.891875091633e-01    7.930287250996e-01
 172   7.930287250996e-01    7.968699410359e-01
 173   7.968699410359e-01    8.007111569721e-01
 174   8.007111569721e-01    8.045523729084e-01
 175   8.045523729084e-01    8.083935888446e-01
 176   8.083935888446e-01    8.122348047809e-01
 177   8.122348047809e-01    8.160760207171e-01
 178   8.160760207171e-01    8.199172366534e-01
 179   8.199172366534e-01    8.237584525896e-01
 180   8.237584525896e-01    8.275996685259e-01
 181   8.275996685259e-01    8.314408844622e-01
 182   8.314408844622e-01    8.352821003984e-01
 183   8.352821003984e-01    8.391233163347e-01
 184   8.391233163347e-01    8.429645322709e-01
 185   8.429645322709e-01    8.468057482072e-01
 186   8.468057482072e-01    8.506469641434e-01
 187   8.506469641434e-01    8.544881800797e-01
 188   8.544881800797e-01    8.583293960159e-01
 189   8.583293960159e-01    8.621706119522e-01
 190   8.621706119522e-01    8.660118278884e-01
 191   8.660118278884e-01    8.698530438247e-01
 192   8.698530438247e-01    8.736942597610e-01
 193   8.736942597610e-01    8.775354756972e-01
 194   8.775354756972e-01    8.813766916335e-01
 195   8.813766916335e-01    8.852179075697e-01
 196   8.852179075697e-01    8.890591235060e-01
 197   8.890591235060e-01    8.929003394422e-01
 198   8.929003394422e-01    8.967415553785e-01
 199   8.967415553785e-01    9.005827713147e-01
 200   9.005827713147e-01    9.044239872510e-01
 201   9.044239872510e-01    9.082652031873e-01
 202   9.082652031873e-01    9.121064191235e-01
 203   9.121064191235e-01    9.159476350598e-01
 204   9.159476350598e-01    9.197888509960e-01
 205   9.197888509960e-01    9.236300669323e-01
 206   9.236300669323e-01    9.274712828685e-01
 207   9.274712828685e-01    9.313124988048e-01
 208   9.313124988048e-01    9.351537147410e-01
 209   9.351537147410e-01    9.389949306773e-01
 210   9.389949306773e-01    9.428361466135e-01
 211   9.428361466135e-01    9.466773625498e-01
 212   9.466773625498e-01    9.505185784861e-01
 213   9.505185784861e-01    9.543597944223e-01
 214   9.543597944223e-01    9.582010103586e-01
 215   9.582010103586e-01    9.620422262948e-01
 216   9.620422262948e-01    9.658834422311e-01
 217   9.658834422311e-01    9.697246581673e-01
 218   9.697246581673e-01    9.735658741036e-01
 219   9.735658741036e-01    9.774070900398e-01
 220   9.774070900398e-01    9.812483059761e-01
 221   9.812483059761e-01    9.850895219124e-01
 222   9.850895219124e-01    9.889307378486e-01
 223   9.889307378486e-01    9.927719537849e-01
 224   9.927719537849e-01    9.966131697211e-01
 225   9.966131697211e-01    1.000454385657e+00
 226   1.000454385657e+00    1.004295601594e+00
 227   1.004295601594e+00    1.008136817530e+00
 228   1.008136817530e+00    1.011978033466e+00
 229   1.011978033466e+00    1.015819249402e+00
 230   1.015819249402e+00    1.019660465339e+00
 231   1.019660465339e+00    1.023501681275e+00
 232   1.023501681275e+00    1.027342897211e+00
 233   1.027342897211e+00    1.031184113147e+00
 234   1.031184113147e+00    1.035025329084e+00
 235   1.035025329084e+00    1.038866545020e+00
 236   1.038866545020e+00    1.042707760956e+00
 237   1.042707760956e+00    1.046548976892e+00
 238   1.046548976892e+00    1.050390192829e+00
 239   1.050390192829e+00    1.054231408765e+00
 240   1.054231408765e+00    1.058072624701e+00
 241   1.058072624701e+00    1.061913840637e+00
 242   1.061913840637e+00    1.065755056574e+00
 243   1.065755056574e+00    1.069596272510e+00
 244   1.069596272510e+00    1.073437488446e+00
 245   1.073437488446e+00    1.077278704382e+00
 246   1.077278704382e+00    1.081119920319e+00
 247   1.081119920319e+00    1.084961136255e+00
 248   1.084961136255e+00    1.088802352191e+00
 249   1.088802352191e+00    1.092643568127e+00
 250   1.092643568127e+00    1.096484784064e+00
 251   1.096484784064e+00    1.100326000000e+00
181 
 1   0.000000000000e+00    1.735690607735e-02
 2   1.735690607735e-02    3.471381215470e-02
 3   3.471381215470e-02    5.207071823204e-02
 4   5.207071823204e-02    6.942762430939e-02
 5   6.942762430939e-02    8.678453038674e-02
 6   8.678453038674e-02    1.041414364641e-01
 7   1.041414364641e-01    1.214983425414e-01
 8   1.214983425414e-01    1.388552486188e-01
 9   1.388552486188e-01    1.562121546961e-01
 10   1.562121546961e-01    1.735690607735e-01
 11   1.735690607735e-01    1.909259668508e-01
 12   1.909259668508e-01    2.082828729282e-01
 13   2.082828729282e-01    2.256397790055e-01
 14   2.256397790055e-01    2.429966850829e-01
 15   2.429966850829e-01    2.603535911602e-01
 16   2.603535911602e-01    2.777104972376e-01
 17   2.777104972376e-01    2.950674033149e-01
 18   2.950674033149e-01    3.124243093923e-01
 19   3.124243093923e-01    3.297812154696e-01
 20   3.297812154696e-01    3.471381215470e-01
 21   3.471381215470e-01    3.644950276243e-01
 22   3.644950276243e-01    3.818519337017e-01
 23   3.818519337017e-01    3.992088397790e-01
 24   3.992088397790e-01    4.165657458564e-01
 25   4.165657458564e-01    4.339226519337e-01
 26   4.339226519337e-01    4.512795580110e-01
 27   4.512795580110e-01    4.686364640884e-01
 28   4.686364640884e-01    4.859933701657e-01
 29   4.859933701657e-01    5.033502762431e-01
 30   5.033502762431e-01    5.207071823204e-01
 31   5.207071823204e-01    5.380640883978e-01
 32   5.380640883978e-01    5.554209944751e-01
 33   5.554209944751e-01    5.727779005525e-01
 34   5.727779005525e-01    5.901348066298e-01
 35   5.901348066298e-01    6.074917127072e-01
 36   6.074917127072e-01    6.248486187845e-01
 37   6.248486187845e-01    6.422055248619e-01
 38   6.422055248619e-01    6.595624309392e-01
 39   6.595624309392e-01    6.769193370166e-01
 40   6.769193370166e-01    6.942762430939e-01
 41   6.942762430939e-01    7.116331491713e-01
 42   7.116331491713e-01    7.289900552486e-01
 43   7.289900552486e-01    7.463469613260e-01
 44   7.463469613260e-01    7.637038674033e-01
 45   7.637038674033e-01    7.810607734807e-01
 46   7.810607734807e-01    7.984176795580e-01
 47   7.984176795580e-01    8.157745856354e-01
 48   8.157745856354e-01    8.331314917127e-01
 49   8.331314917127e-01    8.504883977901e-01
 50   8.504883977901e-01    8.678453038674e-01
 51   8.678453038674e-01    8.852022099448e-01
 52   8.852022099448e-01    9.025591160221e-01
 53   9.025591160221e-01    9.199160220994e-01
 54   9.199160220994e-01    9.372729281768e-01
 55   9.372729281768e-01    9.546298342541e-01
 56   9.546298342541e-01    9.719867403315e-01
 57   9.719867403315e-01    9.893436464088e-01
 58   9.893436464088e-01    1.006700552486e+00
 59   1.006700552486e+00    1.024057458564e+00
 60   1.024057458564e+00    1.041414364641e+00
 61   1.041414364641e+00    1.058771270718e+00
 62   1.058771270718e+00    1.076128176796e+00
 63   1.076128176796e+00    1.093485082873e+00
 64   1.093485082873e+00    1.110841988950e+00
 65   1.110841988950e+00    1.128198895028e+00
 66   1.128198895028e+00    1.145555801105e+00
 67   1.145555801105e+00    1.162912707182e+00
 68   1.162912707182e+00    1.180269613260e+00
 69   1.180269613260e+00    1.197626519337e+00
 70   1.197626519337e+00    1.214983425414e+00
 71   1.214983425414e+00    1.232340331492e+00
 72   1.232340331492e+00    1.249697237569e+00
 73   1.249697237569e+00    1.267054143646e+00
 74   1.267054143646e+00    1.284411049724e+00
 75   1.284411049724e+00    1.301767955801e+00
 76   1.301767955801e+00    1.319124861878e+00
 77   1.319124861878e+00    1.336481767956e+00
 78   1.336481767956e+00    1.353838674033e+00
 79   1.353838674033e+00    1.371195580110e+00
 80   1.371195580110e+00    1.388552486188e+00
 81   1.388552486188e+00    1.405909392265e+00
 82   1.405909392265e+00    1.423266298343e+00
 83   1.423266298343e+00    1.440623204420e+00
 84   1.440623204420e+00    1.457980110497e+00
 85   1.457980110497e+00    1.475337016575e+00
 86   1.475337016575e+00    1.492693922652e+00
 87   1.492693922652e+00    1.510050828729e+00
 88   1.510050828729e+00    1.527407734807e+00
 89   1.527407734807e+00    1.544764640884e+00
 90   1.544764640884e+00    1.562121546961e+00
 91   1.562121546961e+00    1.579478453039e+00
 92   1.579478453039e+00    1.596835359116e+00
 93   1.596835359116e+00    1.614192265193e+00
 94   1.614192265193e+00    1.631549171271e+00
 95   1.631549171271e+00    1.648906077348e+00
 96   1.648906077348e+00    1.666262983425e+00
 97   1.666262983425e+00    1.683619889503e+00
 98   1.683619889503e+00    1.700976795580e+00
 99   1.700976795580e+00    1.718333701657e+00
 100   1.718333701657e+00    1.735690607735e+00
 101   1.735690607735e+00    1.753047513812e+00
 102   1.753047513812e+00    1.770404419890e+00
 103   1.770404419890e+00    1.787761325967e+00
 104   1.787761325967e+00    1.805118232044e+00
 105   1.805118232044e+00    1.822475138122e+00
 106   1.822475138122e+00    1.839832044199e+00
 107   1.839832044199e+00    1.857188950276e+00
 108   1.857188950276e+00    1.874545856354e+00
 109   1.874545856354e+00    1.891902762431e+00
 110   1.891902762431e+00    1.909259668508e+00
 111   1.909259668508e+00    1.926616574586e+00
 112   1.926616574586e+00    1.943973480663e+00
 113   1.943973480663e+00    1.961330386740e+00
 114   1.961330386740e+00    1.978687292818e+00
 115   1.978687292818e+00    1.996044198895e+00
 116   1.996044198895e+00    2.013401104972e+00
 117   2.013401104972e+00    2.030758011050e+00
 118   2.030758011050e+00    2.048114917127e+00
 119   2.048114917127e+00    2.065471823204e+00
 120   2.065471823204e+00    2.082828729282e+00
 121   2.082828729282e+00    2.100185635359e+00
 122   2.100185635359e+00    2.117542541436e+00
 123   2.117542541436e+00    2.134899447514e+00
 124   2.134899447514e+00    2.152256353591e+00
 125   2.152256353591e+00    2.169613259669e+00
 126   2.169613259669e+00    2.186970165746e+00
 127   2.186970165746e+00    2.204327071823e+00
 128   2.204327071823e+00    2.221683977901e+00
 129   2.221683977901e+00    2.239040883978e+00
 130   2.239040883978e+00    2.256397790055e+00
 131   2.256397790055e+00    2.273754696133e+00
 132   2.273754696133e+00    2.291111602210e+00
 133   2.291111602210e+00    2.308468508287e+00
 134   2.308468508287e+00    2.325825414365e+00
 135   2.325825414365e+00    2.343182320442e+00
 136   2.343182320442e+00    2.360539226519e+00
 137   2.360539226519e+00    2.377896132597e+00
 138   2.377896132597e+00    2.395253038674e+00
 139   2.395253038674e+00    2.412609944751e+00
 140   2.412609944751e+00    2.429966850829e+00
 141   2.429966850829e+00    2.447323756906e+00
 142   2.447323756906e+00    2.464680662983e+00
 143   2.464680662983e+00    2.482037569061e+00
 144   2.482037569061e+00    2.499394475138e+00
 145   2.499394475138e+00    2.516751381215e+00
 146   2.516751381215e+00    2.534108287293e+00
 147   2.534108287293e+00    2.551465193370e+00
 148   2.551465193370e+00    2.568822099448e+00
 149   2.568822099448e+00    2.586179005525e+00
 150   2.586179005525e+00    2.603535911602e+00
 151   2.603535911602e+00    2.620892817680e+00
 152   2.620892817680e+00    2.638249723757e+00
 153   2.638249723757e+00    2.655606629834e+00
 154   2.655606629834e+00    2.672963535912e+00
 155   2.672963535912e+00    2.690320441989e+00
 156   2.690320441989e+00    2.707677348066e+00
 157   2.707677348066e+00    2.725034254144e+00
 158   2.725034254144e+00    2.742391160221e+00
 159   2.742391160221e+00    2.759748066298e+00
 160   2.759748066298e+00    2.777104972376e+00
 161   2.777104972376e+00    2.794461878453e+00
 162   2.794461878453e+00    2.811818784530e+00
 163   2.811818784530e+00    2.829175690608e+00
 164   2.829175690608e+00    2.846532596685e+00
 165   2.846532596685e+00    2.863889502762e+00
 166   2.863889502762e+00    2.881246408840e+00
 167   2.881246408840e+00    2.898603314917e+00
 168   2.898603314917e+00    2.915960220994e+00
 169   2.915960220994e+00    2.933317127072e+00
 170   2.933317127072e+00    2.950674033149e+00
 171   2.950674033149e+00    2.968030939227e+00
 172   2.968030939227e+00    2.985387845304e+00
 173   2.985387845304e+00    3.002744751381e+00
 174   3.002744751381e+00    3.020101657459e+00
 175   3.020101657459e+00    3.037458563536e+00
 176   3.037458563536e+00    3.054815469613e+00
 177   3.054815469613e+00    3.072172375691e+00
 178   3.072172375691e+00    3.089529281768e+00
 179   3.089529281768e+00    3.106886187845e+00
 180   3.106886187845e+00    3.124243093923e+00
 181   3.124243093923e+00    3.141600000000e+00
184 
 1   0.000000000000e+00    3.414782608696e-02
 2   3.414782608696e-02    6.829565217391e-02
 3   6.829565217391e-02    1.024434782609e-01
 4   1.024434782609e-01    1.365913043478e-01
 5   1.365913043478e-01    1.707391304348e-01
 6   1.707391304348e-01    2.048869565217e-01
 7   2.048869565217e-01    2.390347826087e-01
 8   2.390347826087e-01    2.731826086957e-01
 9   2.731826086957e-01    3.073304347826e-01
 10   3.073304347826e-01    3.414782608696e-01
 11   3.414782608696e-01    3.756260869565e-01
 12   3.756260869565e-01    4.097739130435e-01
 13   4.097739130435e-01    4.439217391304e-01
 14   4.439217391304e-01    4.780695652174e-01
 15   4.780695652174e-01    5.122173913043e-01
 16   5.122173913043e-01    5.463652173913e-01
 17   5.463652173913e-01    5.805130434783e-01
 18   5.805130434783e-01    6.146608695652e-01
 19   6.146608695652e-01    6.488086956522e-01
 20   6.488086956522e-01    6.829565217391e-01
 21   6.829565217391e-01    7.171043478261e-01
 22   7.171043478261e-01    7.512521739130e-01
 23   7.512521739130e-01    7.854000000000e-01
 24   7.854000000000e-01    8.195478260870e-01
 25   8.195478260870e-01    8.536956521739e-01
 26   8.536956521739e-01    8.878434782609e-01
 27   8.878434782609e-01    9.219913043478e-01
 28   9.219913043478e-01    9.561391304348e-01
 29   9.561391304348e-01    9.902869565217e-01
 30   9.902869565217e-01    1.024434782609e+00
 31   1.024434782609e+00    1.058582608696e+00
 32   1.058582608696e+00    1.092730434783e+00
 33   1.092730434783e+00    1.126878260870e+00
 34   1.126878260870e+00    1.161026086957e+00
 35   1.161026086957e+00    1.195173913043e+00
 36   1.195173913043e+00    1.229321739130e+00
 37   1.229321739130e+00    1.263469565217e+00
 38   1.263469565217e+00    1.297617391304e+00
 39   1.297617391304e+00    1.331765217391e+00
 40   1.331765217391e+00    1.365913043478e+00
 41   1.365913043478e+00    1.400060869565e+00
 42   1.400060869565e+00    1.434208695652e+00
 43   1.434208695652e+00    1.468356521739e+00
 44   1.468356521739e+00    1.502504347826e+00
 45   1.502504347826e+00    1.536652173913e+00
 46   1.536652173913e+00    1.570800000000e+00
 47   1.570800000000e+00    1.604947826087e+00
 48   1.604947826087e+00    1.639095652174e+00
 49   1.639095652174e+00    1.673243478261e+00
 50   1.673243478261e+00    1.707391304348e+00
 51   1.707391304348e+00    1.741539130435e+00
 52   1.741539130435e+00    1.775686956522e+00
 53   1.775686956522e+00    1.809834782609e+00
 54   1.809834782609e+00    1.843982608696e+00
 55   1.843982608696e+00    1.878130434783e+00
 56   1.878130434783e+00    1.912278260870e+00
 57   1.912278260870e+00    1.946426086957e+00
 58   1.946426086957e+00    1.980573913043e+00
 59   1.980573913043e+00    2.014721739130e+00
 60   2.014721739130e+00    2.048869565217e+00
 61   2.048869565217e+00    2.083017391304e+00
 62   2.083017391304e+00    2.117165217391e+00
 63   2.117165217391e+00    2.151313043478e+00
 64   2.151313043478e+00    2.185460869565e+00
 65   2.185460869565e+00    2.219608695652e+00
 66   2.219608695652e+00    2.253756521739e+00
 67   2.253756521739e+00    2.287904347826e+00
 68   2.287904347826e+00    2.322052173913e+00
 69   2.322052173913e+00    2.356200000000e+00
 70   2.356200000000e+00    2.390347826087e+00
 71   2.390347826087e+00    2.424495652174e+00
 72   2.424495652174e+00    2.458643478261e+00
 73   2.458643478261e+00    2.492791304348e+00
 74   2.492791304348e+00    2.526939130435e+00
 75   2.526939130435e+00    2.561086956522e+00
 76   2.561086956522e+00    2.595234782609e+00
 77   2.595234782609e+00    2.629382608696e+00
 78   2.629382608696e+00    2.663530434783e+00
 79   2.663530434783e+00    2.697678260870e+00
 80   2.697678260870e+00    2.731826086957e+00
 81   2.731826086957e+00    2.765973913043e+00
 82   2.765973913043e+00    2.800121739130e+00
 83   2.800121739130e+00    2.834269565217e+00
 84   2.834269565217e+00    2.868417391304e+00
 85   2.868417391304e+00    2.902565217391e+00
 86   2.902565217391e+00    2.936713043478e+00
 87   2.936713043478e+00    2.970860869565e+00
 88   2.970860869565e+00    3.005008695652e+00
 89   3.005008695652e+00    3.039156521739e+00
 90   3.039156521739e+00    3.073304347826e+00
 91   3.073304347826e+00    3.107452173913e+00
 92   3.107452173913e+00    3.141600000000e+00
 93   3.141600000000e+00    3.175747826087e+00
 94   3.175747826087e+00    3.209895652174e+00
 95   3.209895652174e+00    3.244043478261e+00
 96   3.244043478261e+00    3.278191304348e+00
 97   3.278191304348e+00    3.312339130435e+00
 98   3.312339130435e+00    3.346486956522e+00
 99   3.346486956522e+00    3.380634782609e+00
 100   3.380634782609e+00    3.414782608696e+00
 101   3.414782608696e+00    3.448930434783e+00
 102   3.448930434783e+00    3.483078260870e+00
 103   3.483078260870e+00    3.517226086957e+00
 104   3.517226086957e+00    3.551373913043e+00
 105   3.551373913043e+00    3.585521739130e+00
 106   3.585521739130e+00    3.619669565217e+00
 107   3.619669565217e+00    3.653817391304e+00
 108   3.653817391304e+00    3.687965217391e+00
 109   3.687965217391e+00    3.722113043478e+00
 110   3.722113043478e+00    3.756260869565e+00
 111   3.756260869565e+00    3.790408695652e+00
 112   3.790408695652e+00    3.824556521739e+00
 113   3.824556521739e+00    3.858704347826e+00
 114   3.858704347826e+00    3.892852173913e+00
 115   3.892852173913e+00    3.927000000000e+00
 116   3.927000000000e+00    3.961147826087e+00
 117   3.961147826087e+00    3.995295652174e+00
 118   3.995295652174e+00    4.029443478261e+00
 119   4.029443478261e+00    4.063591304348e+00
 120   4.063591304348e+00    4.097739130435e+00
 121   4.097739130435e+00    4.131886956522e+00
 122   4.131886956522e+00    4.166034782609e+00
 123   4.166034782609e+00    4.200182608696e+00
 124   4.200182608696e+00    4.234330434783e+00
 125   4.234330434783e+00    4.268478260870e+00
 126   4.268478260870e+00    4.302626086957e+00
 127   4.302626086957e+00    4.336773913043e+00
 128   4.336773913043e+00    4.370921739130e+00
 129   4.370921739130e+00    4.405069565217e+00
 130   4.405069565217e+00    4.439217391304e+00
 131   4.439217391304e+00    4.473365217391e+00
 132   4.473365217391e+00    4.507513043478e+00
 133   4.507513043478e+00    4.541660869565e+00
 134   4.541660869565e+00    4.575808695652e+00
 135   4.575808695652e+00    4.609956521739e+00
 136   4.609956521739e+00    4.644104347826e+00
 137   4.644104347826e+00    4.678252173913e+00
 138   4.678252173913e+00    4.712400000000e+00
 139   4.712400000000e+00    4.746547826087e+00
 140   4.746547826087e+00    4.780695652174e+00
 141   4.780695652174e+00    4.814843478261e+00
 142   4.814843478261e+00    4.848991304348e+00
 143   4.848991304348e+00    4.883139130435e+00
 144   4.883139130435e+00    4.917286956522e+00
 145   4.917286956522e+00    4.951434782609e+00
 146   4.951434782609e+00    4.985582608696e+00
 147   4.985582608696e+00    5.019730434783e+00
 148   5.019730434783e+00    5.053878260870e+00
 149   5.053878260870e+00    5.088026086957e+00
 150   5.088026086957e+00    5.122173913043e+00
 151   5.122173913043e+00    5.156321739130e+00
 152   5.156321739130e+00    5.190469565217e+00
 153   5.190469565217e+00    5.224617391304e+00
 154   5.224617391304e+00    5.258765217391e+00
 155   5.258765217391e+00    5.292913043478e+00
 156   5.292913043478e+00    5.327060869565e+00
 157   5.327060869565e+00    5.361208695652e+00
 158   5.361208695652e+00    5.395356521739e+00
 159   5.395356521739e+00    5.429504347826e+00
 160   5.429504347826e+00    5.463652173913e+00
 161   5.463652173913e+00    5.497800000000e+00
 162   5.497800000000e+00    5.531947826087e+00
 163   5.531947826087e+00    5.566095652174e+00
 164   5.566095652174e+00    5.600243478261e+00
 165   5.600243478261e+00    5.634391304348e+00
 166   5.634391304348e+00    5.668539130435e+00
 167   5.668539130435e+00    5.702686956522e+00
 168   5.702686956522e+00    5.736834782609e+00
 169   5.736834782609e+00    5.770982608696e+00
 170   5.770982608696e+00    5.805130434783e+00
 171   5.805130434783e+00    5.839278260870e+00
 172   5.839278260870e+00    5.873426086957e+00
 173   5.873426086957e+00    5.907573913043e+00
 174   5.907573913043e+00    5.941721739130e+00
 175   5.941721739130e+00    5.975869565217e+00
 176   5.975869565217e+00    6.010017391304e+00
 177   6.010017391304e+00    6.044165217391e+00
 178   6.044165217391e+00    6.078313043478e+00
 179   6.078313043478e+00    6.112460869565e+00
 180   6.112460869565e+00    6.146608695652e+00
 181   6.146608695652e+00    6.180756521739e+00
 182   6.180756521739e+00    6.214904347826e+00
 183   6.214904347826e+00    6.249052173913e+00
 184   6.249052173913e+00    6.283200000000e+00
